<?xml version="1.0" encoding="UTF-8"?>
<testng-results skipped="0" failed="0" ignored="0" total="3" passed="3">
  <reporter-output>
  </reporter-output>
  <suite name="Suite" duration-ms="1466" started-at="2017-06-12T10:31:43Z" finished-at="2017-06-12T10:31:45Z">
    <groups>
    </groups>
    <test name="Test_Interface" duration-ms="1466" started-at="2017-06-12T10:31:43Z" finished-at="2017-06-12T10:31:45Z">
      <class name="com.zzy.Interface.Test_Interface">
        <test-method status="PASS" signature="test_method(java.lang.String, java.lang.String, java.lang.String, java.lang.String, java.lang.String, java.lang.String, java.lang.String, java.lang.String, java.lang.String, java.lang.String, java.lang.String, java.lang.String)[pri:0, instance:com.zzy.Interface.Test_Interface@67784306]" name="test_method" duration-ms="631" started-at="2017-06-12T18:31:44Z" data-provider="dp" finished-at="2017-06-12T18:31:45Z">
          <params>
            <param index="0">
              <value>
                <![CDATA[1.0]]>
              </value>
            </param>
            <param index="1">
              <value>
                <![CDATA[YES]]>
              </value>
            </param>
            <param index="2">
              <value>
                <![CDATA[1-001]]>
              </value>
            </param>
            <param index="3">
              <value>
                <![CDATA[引导页]]>
              </value>
            </param>
            <param index="4">
              <value>
                <![CDATA[http://api.test.amol.com.cn:8083/]]>
              </value>
            </param>
            <param index="5">
              <value>
                <![CDATA[api/web/v1/imgtext/list]]>
              </value>
            </param>
            <param index="6">
              <value>
                <![CDATA[Post]]>
              </value>
            </param>
            <param index="7">
              <value>
                <![CDATA[{"a":"bbb"}]]>
              </value>
            </param>
            <param index="8">
              <value>
                <![CDATA[{"error_msg":"参数错误","data":"","error_code":100}]]>
              </value>
            </param>
            <param index="9">
              <value>
                <![CDATA[100]]>
              </value>
            </param>
            <param index="10">
              <value>
                <![CDATA[参数错误]]>
              </value>
            </param>
            <param index="11">
              <value>
                <![CDATA[Fail]]>
              </value>
            </param>
          </params>
          <reporter-output>
          </reporter-output>
        </test-method> <!-- test_method -->
        <test-method status="PASS" signature="test_method(java.lang.String, java.lang.String, java.lang.String, java.lang.String, java.lang.String, java.lang.String, java.lang.String, java.lang.String, java.lang.String, java.lang.String, java.lang.String, java.lang.String)[pri:0, instance:com.zzy.Interface.Test_Interface@67784306]" name="test_method" duration-ms="149" started-at="2017-06-12T18:31:45Z" data-provider="dp" finished-at="2017-06-12T18:31:45Z">
          <params>
            <param index="0">
              <value>
                <![CDATA[2.0]]>
              </value>
            </param>
            <param index="1">
              <value>
                <![CDATA[YES]]>
              </value>
            </param>
            <param index="2">
              <value>
                <![CDATA[2-001]]>
              </value>
            </param>
            <param index="3">
              <value>
                <![CDATA[登录手机号正确]]>
              </value>
            </param>
            <param index="4">
              <value>
                <![CDATA[http://api.test.amol.com.cn:8083/]]>
              </value>
            </param>
            <param index="5">
              <value>
                <![CDATA[api/web/v1/imgtext/list]]>
              </value>
            </param>
            <param index="6">
              <value>
                <![CDATA[Get]]>
              </value>
            </param>
            <param index="7">
              <value>
                <![CDATA[{"a":"bbb"}]]>
              </value>
            </param>
            <param index="8">
              <value>
                <![CDATA[{"error_msg":"参数错误","data":"","error_code":100}]]>
              </value>
            </param>
            <param index="9">
              <value>
                <![CDATA[100]]>
              </value>
            </param>
            <param index="10">
              <value>
                <![CDATA[参数错误]]>
              </value>
            </param>
            <param index="11">
              <value>
                <![CDATA[Fail]]>
              </value>
            </param>
          </params>
          <reporter-output>
          </reporter-output>
        </test-method> <!-- test_method -->
        <test-method status="PASS" signature="test_method(java.lang.String, java.lang.String, java.lang.String, java.lang.String, java.lang.String, java.lang.String, java.lang.String, java.lang.String, java.lang.String, java.lang.String, java.lang.String, java.lang.String)[pri:0, instance:com.zzy.Interface.Test_Interface@67784306]" name="test_method" duration-ms="3" started-at="2017-06-12T18:31:45Z" data-provider="dp" finished-at="2017-06-12T18:31:45Z">
          <params>
            <param index="0">
              <value>
                <![CDATA[3.0]]>
              </value>
            </param>
            <param index="1">
              <value>
                <![CDATA[NO]]>
              </value>
            </param>
            <param index="2">
              <value>
                <![CDATA[2-002]]>
              </value>
            </param>
            <param index="3">
              <value>
                <![CDATA[手机号]]>
              </value>
            </param>
            <param index="4">
              <value>
                <![CDATA[http://api.test.amol.com.cn:8083/]]>
              </value>
            </param>
            <param index="5">
              <value>
                <![CDATA[/dsfs/xx.logo]]>
              </value>
            </param>
            <param index="6">
              <value>
                <![CDATA[Post]]>
              </value>
            </param>
            <param index="7">
              <value>
                <![CDATA[{"a":"bbb"}]]>
              </value>
            </param>
            <param index="8">
              <value>
                <![CDATA[{"info":"success"}]]>
              </value>
            </param>
            <param index="9">
              <value>
                <![CDATA["200"]]>
              </value>
            </param>
            <param index="10">
              <value>
                <![CDATA[参数错误]]>
              </value>
            </param>
            <param index="11">
              <value>
                <![CDATA[Pass]]>
              </value>
            </param>
          </params>
          <reporter-output>
          </reporter-output>
        </test-method> <!-- test_method -->
      </class> <!-- com.zzy.Interface.Test_Interface -->
    </test> <!-- Test_Interface -->
  </suite> <!-- Suite -->
</testng-results>
